<?xml version="1.0" encoding="UTF-8"?>
<!-- Generated by org.testng.reporters.JUnitXMLReporter -->
<testsuite ignored="0" hostname="Confluxsyss-Mac-mini.local" failures="1" tests="2" name="ProjectForReview" time="0.372" errors="0" timestamp="2022-09-21T12:28:50 IST">
  <testcase classname="com.test.TestMainCrud" name="testByID" time="0.016"/>
  <testcase classname="com.test.TestMainCrud" name="testByName" time="0.046">
    <failure type="java.lang.AssertionError" message="The following asserts failed:
	expected [tiya] but found [Krishna],
	expected [piya] but found [Somani]">
      <![CDATA[java.lang.AssertionError: The following asserts failed:
expected [tiya] but found [Krishna],
expected [piya] but found [Somani]
at com.test.TestMainCrud.testByName(TestMainCrud.java:73)
at java.base/java.util.ArrayList.forEach(ArrayList.java:1511)
at com.intellij.rt.testng.IDEARemoteTestNG.run(IDEARemoteTestNG.java:66)
at com.intellij.rt.testng.RemoteTestNGStarter.main(RemoteTestNGStarter.java:109)
... Removed 24 stack frames]]>
    </failure>
  </testcase> <!-- testByName -->
</testsuite> <!-- ProjectForReview -->
